[DEBUG] 2024-12-08 14:00:58.945 [main] TestNG - suiteXmlPath: "C:\Users\MARIMU~1\AppData\Local\Temp\testng-eclipse-797579205\testng-customsuite.xml"
[INFO ] 2024-12-08 14:00:59.196 [main] Utils - [Utils] MethodGroupsHelper.collectMethodsByGroup() took 1 ms.
[INFO ] 2024-12-08 14:00:59.200 [main] Utils - [Utils] MethodGroupsHelper.sortMethods() took 1 ms.
[INFO ] 2024-12-08 14:00:59.203 [main] Utils - [Utils] MethodGroupsHelper.collectMethodsByGroup() took 0 ms.
[INFO ] 2024-12-08 14:00:59.203 [main] Utils - [Utils] MethodGroupsHelper.sortMethods() took 0 ms.
[INFO ] 2024-12-08 14:00:59.205 [main] Utils - [Utils] MethodGroupsHelper.collectMethodsByGroup() took 0 ms.
[INFO ] 2024-12-08 14:00:59.206 [main] Utils - [Utils] MethodGroupsHelper.sortMethods() took 1 ms.
[INFO ] 2024-12-08 14:00:59.207 [main] Utils - [Utils] MethodGroupsHelper.collectMethodsByGroup() took 0 ms.
[INFO ] 2024-12-08 14:00:59.208 [main] Utils - [Utils] MethodGroupsHelper.sortMethods() took 0 ms.
[INFO ] 2024-12-08 14:00:59.217 [main] Utils - [Utils] MethodGroupsHelper.collectMethodsByGroup() took 5 ms.
[INFO ] 2024-12-08 14:00:59.232 [main] Utils - [Utils] MethodGroupsHelper.sortMethods() took 14 ms.
[INFO ] 2024-12-08 14:00:59.235 [main] Utils - [Utils] MethodGroupsHelper.collectMethodsByGroup() took 0 ms.
[INFO ] 2024-12-08 14:00:59.236 [main] Utils - [Utils] MethodGroupsHelper.sortMethods() took 1 ms.
[INFO ] 2024-12-08 14:00:59.239 [main] Utils - [Utils] MethodGroupsHelper.collectMethodsByGroup() took 0 ms.
[INFO ] 2024-12-08 14:00:59.239 [main] Utils - [Utils] MethodGroupsHelper.sortMethods() took 0 ms.
[INFO ] 2024-12-08 14:00:59.240 [main] Utils - [Utils] MethodGroupsHelper.collectMethodsByGroup() took 0 ms.
[INFO ] 2024-12-08 14:00:59.242 [main] Utils - [Utils] MethodGroupsHelper.sortMethods() took 0 ms.
[INFO ] 2024-12-08 14:00:59.244 [main] Utils - [Utils] MethodGroupsHelper.collectMethodsByGroup() took 0 ms.
[INFO ] 2024-12-08 14:00:59.244 [main] Utils - [Utils] MethodGroupsHelper.sortMethods() took 0 ms.
[INFO ] 2024-12-08 14:00:59.245 [main] Utils - [Utils] MethodGroupsHelper.collectMethodsByGroup() took 0 ms.
[INFO ] 2024-12-08 14:00:59.245 [main] Utils - [Utils] MethodGroupsHelper.sortMethods() took 0 ms.
[INFO ] 2024-12-08 14:00:59.249 [main] Utils - [Utils] MethodGroupsHelper.collectMethodsByGroup() took 0 ms.
[INFO ] 2024-12-08 14:00:59.249 [main] Utils - [Utils] MethodGroupsHelper.sortMethods() took 0 ms.
[INFO ] 2024-12-08 14:00:59.251 [main] Utils - [Utils] MethodGroupsHelper.collectMethodsByGroup() took 0 ms.
[INFO ] 2024-12-08 14:00:59.251 [main] Utils - [Utils] MethodGroupsHelper.sortMethods() took 0 ms.
[INFO ] 2024-12-08 14:00:59.253 [main] Utils - [Utils] MethodGroupsHelper.collectMethodsByGroup() took 0 ms.
[INFO ] 2024-12-08 14:00:59.254 [main] Utils - [Utils] MethodGroupsHelper.sortMethods() took 1 ms.
[INFO ] 2024-12-08 14:00:59.257 [main] Utils - [Utils] MethodGroupsHelper.collectMethodsByGroup() took 0 ms.
[INFO ] 2024-12-08 14:00:59.258 [main] Utils - [Utils] MethodGroupsHelper.sortMethods() took 0 ms.
[INFO ] 2024-12-08 14:00:59.258 [main] Utils - [Utils] MethodGroupsHelper.collectMethodsByGroup() took 0 ms.
[INFO ] 2024-12-08 14:00:59.259 [main] Utils - [Utils] MethodGroupsHelper.sortMethods() took 0 ms.
[INFO ] 2024-12-08 14:00:59.267 [main] Utils - [TestNG] Running:
  C:\Users\marimuthu k\AppData\Local\Temp\testng-eclipse-797579205\testng-customsuite.xml

[INFO ] 2024-12-08 14:00:59.289 [main] Utils - [Utils] DynamicGraphHelper.createDynamicGraph() took 5 ms.
[INFO ] 2024-12-08 14:01:05.913 [main] TC001_OrangeHRMLoginTest - ***** Starting TC001_OrangeHRMLoginTest *****
[INFO ] 2024-12-08 14:01:06.615 [main] TC001_OrangeHRMLoginTest - Enter the UserName
[INFO ] 2024-12-08 14:01:06.756 [main] TC001_OrangeHRMLoginTest - Enter the Password
[INFO ] 2024-12-08 14:01:08.324 [main] TC001_OrangeHRMLoginTest - Clicked on Login button
[INFO ] 2024-12-08 14:01:08.728 [main] TC001_OrangeHRMLoginTest - Validating expected message!
[INFO ] 2024-12-08 14:01:09.262 [main] Utils - [TestNG] Time taken by org.testng.reporters.jq.Main@724c5cbe: 98 ms
[INFO ] 2024-12-08 14:01:09.276 [main] Utils - [TestNG] Time taken by org.testng.reporters.FailedReporter@12b5454f: 13 ms
[INFO ] 2024-12-08 14:01:09.285 [main] Utils - [TestNG] Time taken by org.testng.reporters.XMLReporter@a137d7a: 8 ms
[INFO ] 2024-12-08 14:01:09.296 [main] Utils - [TestNG] Time taken by org.testng.reporters.EmailableReporter2@3ac8cf9b: 10 ms
[INFO ] 2024-12-08 14:01:09.308 [main] Utils - [TestNG] Time taken by org.testng.reporters.JUnitReportReporter@3533df16: 10 ms
[INFO ] 2024-12-08 14:01:09.308 [main] Utils - [TestNG] Time taken by org.testng.internal.ExitCodeListener@15d0849: 0 ms
[DEBUG] 2024-12-08 21:41:06.305 [main] TestNG - suiteXmlPath: "C:\Users\MARIMU~1\AppData\Local\Temp\testng-eclipse-747184503\testng-customsuite.xml"
[INFO ] 2024-12-08 21:41:06.544 [main] Utils - [Utils] MethodGroupsHelper.collectMethodsByGroup() took 0 ms.
[INFO ] 2024-12-08 21:41:06.546 [main] Utils - [Utils] MethodGroupsHelper.sortMethods() took 0 ms.
[INFO ] 2024-12-08 21:41:06.549 [main] Utils - [Utils] MethodGroupsHelper.collectMethodsByGroup() took 0 ms.
[INFO ] 2024-12-08 21:41:06.549 [main] Utils - [Utils] MethodGroupsHelper.sortMethods() took 0 ms.
[INFO ] 2024-12-08 21:41:06.550 [main] Utils - [Utils] MethodGroupsHelper.collectMethodsByGroup() took 0 ms.
[INFO ] 2024-12-08 21:41:06.550 [main] Utils - [Utils] MethodGroupsHelper.sortMethods() took 0 ms.
[INFO ] 2024-12-08 21:41:06.550 [main] Utils - [Utils] MethodGroupsHelper.collectMethodsByGroup() took 0 ms.
[INFO ] 2024-12-08 21:41:06.551 [main] Utils - [Utils] MethodGroupsHelper.sortMethods() took 0 ms.
[INFO ] 2024-12-08 21:41:06.557 [main] Utils - [Utils] MethodGroupsHelper.collectMethodsByGroup() took 6 ms.
[INFO ] 2024-12-08 21:41:06.570 [main] Utils - [Utils] MethodGroupsHelper.sortMethods() took 11 ms.
[INFO ] 2024-12-08 21:41:06.571 [main] Utils - [Utils] MethodGroupsHelper.collectMethodsByGroup() took 1 ms.
[INFO ] 2024-12-08 21:41:06.571 [main] Utils - [Utils] MethodGroupsHelper.sortMethods() took 0 ms.
[INFO ] 2024-12-08 21:41:06.573 [main] Utils - [Utils] MethodGroupsHelper.collectMethodsByGroup() took 0 ms.
[INFO ] 2024-12-08 21:41:06.573 [main] Utils - [Utils] MethodGroupsHelper.sortMethods() took 0 ms.
[INFO ] 2024-12-08 21:41:06.574 [main] Utils - [Utils] MethodGroupsHelper.collectMethodsByGroup() took 0 ms.
[INFO ] 2024-12-08 21:41:06.574 [main] Utils - [Utils] MethodGroupsHelper.sortMethods() took 0 ms.
[INFO ] 2024-12-08 21:41:06.577 [main] Utils - [Utils] MethodGroupsHelper.collectMethodsByGroup() took 0 ms.
[INFO ] 2024-12-08 21:41:06.577 [main] Utils - [Utils] MethodGroupsHelper.sortMethods() took 0 ms.
[INFO ] 2024-12-08 21:41:06.578 [main] Utils - [Utils] MethodGroupsHelper.collectMethodsByGroup() took 0 ms.
[INFO ] 2024-12-08 21:41:06.578 [main] Utils - [Utils] MethodGroupsHelper.sortMethods() took 0 ms.
[INFO ] 2024-12-08 21:41:06.580 [main] Utils - [Utils] MethodGroupsHelper.collectMethodsByGroup() took 0 ms.
[INFO ] 2024-12-08 21:41:06.580 [main] Utils - [Utils] MethodGroupsHelper.sortMethods() took 0 ms.
[INFO ] 2024-12-08 21:41:06.580 [main] Utils - [Utils] MethodGroupsHelper.collectMethodsByGroup() took 0 ms.
[INFO ] 2024-12-08 21:41:06.581 [main] Utils - [Utils] MethodGroupsHelper.sortMethods() took 0 ms.
[INFO ] 2024-12-08 21:41:06.582 [main] Utils - [Utils] MethodGroupsHelper.collectMethodsByGroup() took 0 ms.
[INFO ] 2024-12-08 21:41:06.583 [main] Utils - [Utils] MethodGroupsHelper.sortMethods() took 1 ms.
[INFO ] 2024-12-08 21:41:06.584 [main] Utils - [Utils] MethodGroupsHelper.collectMethodsByGroup() took 0 ms.
[INFO ] 2024-12-08 21:41:06.585 [main] Utils - [Utils] MethodGroupsHelper.sortMethods() took 0 ms.
[INFO ] 2024-12-08 21:41:06.585 [main] Utils - [Utils] MethodGroupsHelper.collectMethodsByGroup() took 0 ms.
[INFO ] 2024-12-08 21:41:06.586 [main] Utils - [Utils] MethodGroupsHelper.sortMethods() took 0 ms.
[INFO ] 2024-12-08 21:41:06.593 [main] Utils - [TestNG] Running:
  C:\Users\marimuthu k\AppData\Local\Temp\testng-eclipse-747184503\testng-customsuite.xml

[INFO ] 2024-12-08 21:41:06.611 [main] Utils - [Utils] DynamicGraphHelper.createDynamicGraph() took 4 ms.
[INFO ] 2024-12-08 21:41:14.053 [main] TC001_OrangeHRMLoginTest - ***** Starting TC001_OrangeHRMLoginTest *****
[INFO ] 2024-12-08 21:41:14.409 [main] TC001_OrangeHRMLoginTest - Enter the UserName
[INFO ] 2024-12-08 21:41:14.505 [main] TC001_OrangeHRMLoginTest - Enter the Password
[INFO ] 2024-12-08 21:41:15.775 [main] TC001_OrangeHRMLoginTest - Clicked on Login button
[INFO ] 2024-12-08 21:41:16.156 [main] TC001_OrangeHRMLoginTest - Validating expected message!
[INFO ] 2024-12-08 21:41:16.698 [main] Utils - [TestNG] Time taken by org.testng.reporters.jq.Main@724c5cbe: 112 ms
[INFO ] 2024-12-08 21:41:16.721 [main] Utils - [TestNG] Time taken by org.testng.reporters.FailedReporter@12b5454f: 20 ms
[INFO ] 2024-12-08 21:41:16.733 [main] Utils - [TestNG] Time taken by org.testng.reporters.XMLReporter@a137d7a: 12 ms
[INFO ] 2024-12-08 21:41:16.745 [main] Utils - [TestNG] Time taken by org.testng.reporters.EmailableReporter2@3ac8cf9b: 11 ms
[INFO ] 2024-12-08 21:41:16.758 [main] Utils - [TestNG] Time taken by org.testng.reporters.JUnitReportReporter@4ad3d266: 13 ms
[INFO ] 2024-12-08 21:41:16.759 [main] Utils - [TestNG] Time taken by org.testng.internal.ExitCodeListener@3533df16: 1 ms
[DEBUG] 2024-12-08 21:44:19.572 [main] TestNG - suiteXmlPath: "C:\Users\MARIMU~1\AppData\Local\Temp\testng-eclipse--747135896\testng-customsuite.xml"
[INFO ] 2024-12-08 21:44:19.751 [main] Utils - [Utils] MethodGroupsHelper.collectMethodsByGroup() took 0 ms.
[INFO ] 2024-12-08 21:44:19.754 [main] Utils - [Utils] MethodGroupsHelper.sortMethods() took 0 ms.
[INFO ] 2024-12-08 21:44:19.755 [main] Utils - [Utils] MethodGroupsHelper.collectMethodsByGroup() took 0 ms.
[INFO ] 2024-12-08 21:44:19.756 [main] Utils - [Utils] MethodGroupsHelper.sortMethods() took 0 ms.
[INFO ] 2024-12-08 21:44:19.756 [main] Utils - [Utils] MethodGroupsHelper.collectMethodsByGroup() took 0 ms.
[INFO ] 2024-12-08 21:44:19.757 [main] Utils - [Utils] MethodGroupsHelper.sortMethods() took 0 ms.
[INFO ] 2024-12-08 21:44:19.757 [main] Utils - [Utils] MethodGroupsHelper.collectMethodsByGroup() took 0 ms.
[INFO ] 2024-12-08 21:44:19.757 [main] Utils - [Utils] MethodGroupsHelper.sortMethods() took 0 ms.
[INFO ] 2024-12-08 21:44:19.766 [main] Utils - [Utils] MethodGroupsHelper.collectMethodsByGroup() took 6 ms.
[INFO ] 2024-12-08 21:44:19.776 [main] Utils - [Utils] MethodGroupsHelper.sortMethods() took 10 ms.
[INFO ] 2024-12-08 21:44:19.777 [main] Utils - [Utils] MethodGroupsHelper.collectMethodsByGroup() took 0 ms.
[INFO ] 2024-12-08 21:44:19.778 [main] Utils - [Utils] MethodGroupsHelper.sortMethods() took 1 ms.
[INFO ] 2024-12-08 21:44:19.778 [main] Utils - [Utils] MethodGroupsHelper.collectMethodsByGroup() took 0 ms.
[INFO ] 2024-12-08 21:44:19.779 [main] Utils - [Utils] MethodGroupsHelper.sortMethods() took 0 ms.
[INFO ] 2024-12-08 21:44:19.779 [main] Utils - [Utils] MethodGroupsHelper.collectMethodsByGroup() took 0 ms.
[INFO ] 2024-12-08 21:44:19.779 [main] Utils - [Utils] MethodGroupsHelper.sortMethods() took 0 ms.
[INFO ] 2024-12-08 21:44:19.781 [main] Utils - [Utils] MethodGroupsHelper.collectMethodsByGroup() took 0 ms.
[INFO ] 2024-12-08 21:44:19.782 [main] Utils - [Utils] MethodGroupsHelper.sortMethods() took 0 ms.
[INFO ] 2024-12-08 21:44:19.782 [main] Utils - [Utils] MethodGroupsHelper.collectMethodsByGroup() took 0 ms.
[INFO ] 2024-12-08 21:44:19.783 [main] Utils - [Utils] MethodGroupsHelper.sortMethods() took 0 ms.
[INFO ] 2024-12-08 21:44:19.785 [main] Utils - [Utils] MethodGroupsHelper.collectMethodsByGroup() took 0 ms.
[INFO ] 2024-12-08 21:44:19.786 [main] Utils - [Utils] MethodGroupsHelper.sortMethods() took 0 ms.
[INFO ] 2024-12-08 21:44:19.786 [main] Utils - [Utils] MethodGroupsHelper.collectMethodsByGroup() took 0 ms.
[INFO ] 2024-12-08 21:44:19.786 [main] Utils - [Utils] MethodGroupsHelper.sortMethods() took 0 ms.
[INFO ] 2024-12-08 21:44:19.787 [main] Utils - [Utils] MethodGroupsHelper.collectMethodsByGroup() took 0 ms.
[INFO ] 2024-12-08 21:44:19.788 [main] Utils - [Utils] MethodGroupsHelper.sortMethods() took 0 ms.
[INFO ] 2024-12-08 21:44:19.789 [main] Utils - [Utils] MethodGroupsHelper.collectMethodsByGroup() took 0 ms.
[INFO ] 2024-12-08 21:44:19.789 [main] Utils - [Utils] MethodGroupsHelper.sortMethods() took 0 ms.
[INFO ] 2024-12-08 21:44:19.789 [main] Utils - [Utils] MethodGroupsHelper.collectMethodsByGroup() took 0 ms.
[INFO ] 2024-12-08 21:44:19.790 [main] Utils - [Utils] MethodGroupsHelper.sortMethods() took 0 ms.
[INFO ] 2024-12-08 21:44:19.795 [main] Utils - [TestNG] Running:
  C:\Users\marimuthu k\AppData\Local\Temp\testng-eclipse--747135896\testng-customsuite.xml

[INFO ] 2024-12-08 21:44:19.811 [main] Utils - [Utils] DynamicGraphHelper.createDynamicGraph() took 3 ms.
[INFO ] 2024-12-08 21:44:25.324 [main] TC001_OrangeHRMLoginTest - ***** Starting TC001_OrangeHRMLoginTest *****
[INFO ] 2024-12-08 21:44:25.726 [main] TC001_OrangeHRMLoginTest - Enter the UserName
[INFO ] 2024-12-08 21:44:25.812 [main] TC001_OrangeHRMLoginTest - Enter the Password
[INFO ] 2024-12-08 21:44:27.114 [main] TC001_OrangeHRMLoginTest - Clicked on Login button
[INFO ] 2024-12-08 21:44:27.489 [main] TC001_OrangeHRMLoginTest - Validating expected message!
[INFO ] 2024-12-08 21:44:27.490 [main] TC001_OrangeHRMLoginTest - Verify the Dashboard in text
[ERROR] 2024-12-08 21:44:27.490 [main] TC001_OrangeHRMLoginTest - Test faild...
[DEBUG] 2024-12-08 21:44:27.490 [main] TC001_OrangeHRMLoginTest - Debug logs..
[INFO ] 2024-12-08 21:44:27.971 [main] Utils - [TestNG] Time taken by org.testng.reporters.jq.Main@680d4a6a: 126 ms
[INFO ] 2024-12-08 21:44:27.994 [main] Utils - [TestNG] Time taken by org.testng.reporters.FailedReporter@7f572c37: 22 ms
[INFO ] 2024-12-08 21:44:28.007 [main] Utils - [TestNG] Time taken by org.testng.reporters.XMLReporter@4ab550d5: 12 ms
[INFO ] 2024-12-08 21:44:28.023 [main] Utils - [TestNG] Time taken by org.testng.reporters.EmailableReporter2@5e8c34a0: 14 ms
[INFO ] 2024-12-08 21:44:28.040 [main] Utils - [TestNG] Time taken by org.testng.reporters.JUnitReportReporter@38018b62: 17 ms
[INFO ] 2024-12-08 21:44:28.040 [main] Utils - [TestNG] Time taken by org.testng.internal.ExitCodeListener@ce9b9a9: 0 ms
[DEBUG] 2024-12-08 22:05:39.291 [main] TestNG - suiteXmlPath: "C:\Users\marimuthu k\eclipse-workspace2\OrangeHRMV121\master.xml"
[INFO ] 2024-12-08 22:05:39.509 [main] Utils - [TestNG] Running:
  C:\Users\marimuthu k\eclipse-workspace2\OrangeHRMV121\master.xml

[INFO ] 2024-12-08 22:05:45.603 [main] TC001_OrangeHRMLoginTest - ***** Starting TC001_OrangeHRMLoginTest *****
[INFO ] 2024-12-08 22:05:46.036 [main] TC001_OrangeHRMLoginTest - Enter the UserName
[INFO ] 2024-12-08 22:05:46.147 [main] TC001_OrangeHRMLoginTest - Enter the Password
[INFO ] 2024-12-08 22:05:46.216 [main] TC001_OrangeHRMLoginTest - Clicked on Login button
[INFO ] 2024-12-08 22:05:47.753 [main] TC001_OrangeHRMLoginTest - Validating expected message!
[INFO ] 2024-12-08 22:05:47.753 [main] TC001_OrangeHRMLoginTest - Verify the Dashboard in text
[ERROR] 2024-12-08 22:05:47.754 [main] TC001_OrangeHRMLoginTest - Test faild...
[DEBUG] 2024-12-08 22:05:47.754 [main] TC001_OrangeHRMLoginTest - Debug logs..
[DEBUG] 2024-12-08 22:06:00.325 [main] TestNG - suiteXmlPath: "C:\Users\marimuthu k\eclipse-workspace2\OrangeHRMV121\master.xml"
[INFO ] 2024-12-08 22:06:00.540 [main] Utils - [TestNG] Running:
  C:\Users\marimuthu k\eclipse-workspace2\OrangeHRMV121\master.xml

[INFO ] 2024-12-08 22:06:12.779 [main] TC001_OrangeHRMLoginTest - ***** Starting TC001_OrangeHRMLoginTest *****
[INFO ] 2024-12-08 22:06:13.164 [main] TC001_OrangeHRMLoginTest - Enter the UserName
[INFO ] 2024-12-08 22:06:13.266 [main] TC001_OrangeHRMLoginTest - Enter the Password
[INFO ] 2024-12-08 22:06:14.547 [main] TC001_OrangeHRMLoginTest - Clicked on Login button
[INFO ] 2024-12-08 22:06:14.991 [main] TC001_OrangeHRMLoginTest - Validating expected message!
[INFO ] 2024-12-08 22:06:14.991 [main] TC001_OrangeHRMLoginTest - Verify the Dashboard in text
[ERROR] 2024-12-08 22:06:14.992 [main] TC001_OrangeHRMLoginTest - Test faild...
[DEBUG] 2024-12-08 22:06:14.992 [main] TC001_OrangeHRMLoginTest - Debug logs..
[DEBUG] 2024-12-08 22:11:21.864 [main] TestNG - suiteXmlPath: "C:\Users\marimuthu k\eclipse-workspace2\OrangeHRMV121\crossbrowsertesting.xml"
[INFO ] 2024-12-08 22:11:22.110 [main] Utils - [TestNG] Running:
  C:\Users\marimuthu k\eclipse-workspace2\OrangeHRMV121\crossbrowsertesting.xml

[INFO ] 2024-12-08 22:11:27.685 [main] TC001_OrangeHRMLoginTest - ***** Starting TC001_OrangeHRMLoginTest *****
[INFO ] 2024-12-08 22:11:28.035 [main] TC001_OrangeHRMLoginTest - Enter the UserName
[INFO ] 2024-12-08 22:11:28.116 [main] TC001_OrangeHRMLoginTest - Enter the Password
[INFO ] 2024-12-08 22:11:29.235 [main] TC001_OrangeHRMLoginTest - Clicked on Login button
[INFO ] 2024-12-08 22:11:29.651 [main] TC001_OrangeHRMLoginTest - Validating expected message!
[INFO ] 2024-12-08 22:11:29.651 [main] TC001_OrangeHRMLoginTest - Verify the Dashboard in text
[ERROR] 2024-12-08 22:11:29.652 [main] TC001_OrangeHRMLoginTest - Test faild...
[DEBUG] 2024-12-08 22:11:29.652 [main] TC001_OrangeHRMLoginTest - Debug logs..
[INFO ] 2024-12-08 22:11:35.199 [main] TC001_OrangeHRMLoginTest - ***** Starting TC001_OrangeHRMLoginTest *****
[INFO ] 2024-12-08 22:11:35.546 [main] TC001_OrangeHRMLoginTest - Enter the UserName
[INFO ] 2024-12-08 22:11:35.630 [main] TC001_OrangeHRMLoginTest - Enter the Password
[INFO ] 2024-12-08 22:11:35.729 [main] TC001_OrangeHRMLoginTest - Clicked on Login button
[INFO ] 2024-12-08 22:11:37.421 [main] TC001_OrangeHRMLoginTest - Validating expected message!
[INFO ] 2024-12-08 22:11:37.422 [main] TC001_OrangeHRMLoginTest - Verify the Dashboard in text
[ERROR] 2024-12-08 22:11:37.422 [main] TC001_OrangeHRMLoginTest - Test faild...
[DEBUG] 2024-12-08 22:11:37.422 [main] TC001_OrangeHRMLoginTest - Debug logs..
[INFO ] 2024-12-08 22:12:08.140 [main] TC001_OrangeHRMLoginTest - ***** Starting TC001_OrangeHRMLoginTest *****
[INFO ] 2024-12-08 22:12:08.302 [main] TC001_OrangeHRMLoginTest - Enter the UserName
[INFO ] 2024-12-08 22:12:08.330 [main] TC001_OrangeHRMLoginTest - Enter the Password
[INFO ] 2024-12-08 22:12:09.735 [main] TC001_OrangeHRMLoginTest - Clicked on Login button
[INFO ] 2024-12-08 22:12:09.966 [main] TC001_OrangeHRMLoginTest - Validating expected message!
[INFO ] 2024-12-08 22:12:09.966 [main] TC001_OrangeHRMLoginTest - Verify the Dashboard in text
[ERROR] 2024-12-08 22:12:09.967 [main] TC001_OrangeHRMLoginTest - Test faild...
[DEBUG] 2024-12-08 22:12:09.967 [main] TC001_OrangeHRMLoginTest - Debug logs..
[DEBUG] 2024-12-08 22:15:57.598 [main] TestNG - suiteXmlPath: "C:\Users\marimuthu k\eclipse-workspace2\OrangeHRMV121\crossbrowsertesting.xml"
[INFO ] 2024-12-08 22:15:57.838 [main] Utils - [TestNG] Running:
  C:\Users\marimuthu k\eclipse-workspace2\OrangeHRMV121\crossbrowsertesting.xml

[INFO ] 2024-12-08 22:16:04.239 [main] TC001_OrangeHRMLoginTest - ***** Starting TC001_OrangeHRMLoginTest *****
[INFO ] 2024-12-08 22:16:04.644 [main] TC001_OrangeHRMLoginTest - Enter the UserName
[INFO ] 2024-12-08 22:16:04.733 [main] TC001_OrangeHRMLoginTest - Enter the Password
[INFO ] 2024-12-08 22:16:06.003 [main] TC001_OrangeHRMLoginTest - Clicked on Login button
[INFO ] 2024-12-08 22:16:06.371 [main] TC001_OrangeHRMLoginTest - Validating expected message!
[INFO ] 2024-12-08 22:16:06.372 [main] TC001_OrangeHRMLoginTest - Finished TC001_OrangeHRMLoginTest!....
[INFO ] 2024-12-08 22:16:12.059 [main] TC001_OrangeHRMLoginTest - ***** Starting TC001_OrangeHRMLoginTest *****
[INFO ] 2024-12-08 22:16:12.474 [main] TC001_OrangeHRMLoginTest - Enter the UserName
[INFO ] 2024-12-08 22:16:12.586 [main] TC001_OrangeHRMLoginTest - Enter the Password
[INFO ] 2024-12-08 22:16:13.880 [main] TC001_OrangeHRMLoginTest - Clicked on Login button
[INFO ] 2024-12-08 22:16:14.292 [main] TC001_OrangeHRMLoginTest - Validating expected message!
[INFO ] 2024-12-08 22:16:14.292 [main] TC001_OrangeHRMLoginTest - Finished TC001_OrangeHRMLoginTest!....
[INFO ] 2024-12-08 22:16:21.987 [main] TC001_OrangeHRMLoginTest - ***** Starting TC001_OrangeHRMLoginTest *****
[INFO ] 2024-12-08 22:16:22.098 [main] TC001_OrangeHRMLoginTest - Enter the UserName
[INFO ] 2024-12-08 22:16:22.122 [main] TC001_OrangeHRMLoginTest - Enter the Password
[INFO ] 2024-12-08 22:16:23.529 [main] TC001_OrangeHRMLoginTest - Clicked on Login button
[INFO ] 2024-12-08 22:16:23.786 [main] TC001_OrangeHRMLoginTest - Validating expected message!
[INFO ] 2024-12-08 22:16:23.787 [main] TC001_OrangeHRMLoginTest - Finished TC001_OrangeHRMLoginTest!....
[DEBUG] 2024-12-08 22:42:20.730 [main] TestNG - suiteXmlPath: "C:\Users\marimuthu k\eclipse-workspace2\OrangeHRMV121\master.xml"
[INFO ] 2024-12-08 22:42:20.941 [main] Utils - [TestNG] Running:
  C:\Users\marimuthu k\eclipse-workspace2\OrangeHRMV121\master.xml

[DEBUG] 2024-12-08 22:42:43.774 [main] TestNG - suiteXmlPath: "C:\Users\marimuthu k\eclipse-workspace2\OrangeHRMV121\crossbrowsertesting.xml"
[INFO ] 2024-12-08 22:42:43.996 [main] Utils - [TestNG] Running:
  C:\Users\marimuthu k\eclipse-workspace2\OrangeHRMV121\crossbrowsertesting.xml

[DEBUG] 2024-12-08 22:43:55.458 [main] TestNG - suiteXmlPath: "C:\Users\marimuthu k\eclipse-workspace2\OrangeHRMV121\crossbrowsertesting.xml"
[INFO ] 2024-12-08 22:43:55.669 [main] Utils - [TestNG] Running:
  C:\Users\marimuthu k\eclipse-workspace2\OrangeHRMV121\crossbrowsertesting.xml

[INFO ] 2024-12-08 22:44:02.285 [main] TC001_OrangeHRMLoginTest - ***** Starting TC001_OrangeHRMLoginTest *****
[INFO ] 2024-12-08 22:44:02.659 [main] TC001_OrangeHRMLoginTest - Enter the UserName
[INFO ] 2024-12-08 22:44:02.750 [main] TC001_OrangeHRMLoginTest - Enter the Password
[INFO ] 2024-12-08 22:44:04.109 [main] TC001_OrangeHRMLoginTest - Clicked on Login button
[INFO ] 2024-12-08 22:44:04.503 [main] TC001_OrangeHRMLoginTest - Validating expected message!
[INFO ] 2024-12-08 22:44:04.503 [main] TC001_OrangeHRMLoginTest - Finished TC001_OrangeHRMLoginTest!....
[INFO ] 2024-12-08 22:44:10.215 [main] TC001_OrangeHRMLoginTest - ***** Starting TC001_OrangeHRMLoginTest *****
[INFO ] 2024-12-08 22:44:10.575 [main] TC001_OrangeHRMLoginTest - Enter the UserName
[INFO ] 2024-12-08 22:44:10.669 [main] TC001_OrangeHRMLoginTest - Enter the Password
[INFO ] 2024-12-08 22:44:11.945 [main] TC001_OrangeHRMLoginTest - Clicked on Login button
[INFO ] 2024-12-08 22:44:12.307 [main] TC001_OrangeHRMLoginTest - Validating expected message!
[INFO ] 2024-12-08 22:44:12.308 [main] TC001_OrangeHRMLoginTest - Finished TC001_OrangeHRMLoginTest!....
[INFO ] 2024-12-08 22:44:19.868 [main] TC001_OrangeHRMLoginTest - ***** Starting TC001_OrangeHRMLoginTest *****
[INFO ] 2024-12-08 22:44:19.985 [main] TC001_OrangeHRMLoginTest - Enter the UserName
[INFO ] 2024-12-08 22:44:20.008 [main] TC001_OrangeHRMLoginTest - Enter the Password
[INFO ] 2024-12-08 22:44:21.424 [main] TC001_OrangeHRMLoginTest - Clicked on Login button
[INFO ] 2024-12-08 22:44:21.604 [main] TC001_OrangeHRMLoginTest - Validating expected message!
[INFO ] 2024-12-08 22:44:21.605 [main] TC001_OrangeHRMLoginTest - Finished TC001_OrangeHRMLoginTest!....
